<?xml version="1.0" encoding="UTF-8"?>
<!-- Generated by org.testng.reporters.JUnitXMLReporter -->
<testsuite ignored="0" hostname="ADMIN" failures="0" tests="3" name="Default test" time="16.692" errors="0" timestamp="2023-10-24T13:14:02 EET">
  <testcase classname="swaq_lab.TestCaseaAddtoCart" name="LoginWithPerformanceUser" time="8.443"/>
  <testcase classname="swaq_lab.TestCaseaAddtoCart" name="LoginWithProblemUser" time="3.416"/>
  <testcase classname="swaq_lab.TestCaseaAddtoCart" name="LoginWithStandardUSer" time="3.316"/>
</testsuite> <!-- Default test -->
